{"/workspaces/ch3ss/puzzle-manager.js": {"path":"/workspaces/ch3ss/puzzle-manager.js","statementMap":{"0":{"start":{"line":2,"column":11},"end":{"line":2,"column":24}},"1":{"start":{"line":3,"column":13},"end":{"line":3,"column":28}},"2":{"start":{"line":4,"column":22},"end":{"line":4,"column":43}},"3":{"start":{"line":8,"column":8},"end":{"line":8,"column":34}},"4":{"start":{"line":9,"column":8},"end":{"line":9,"column":37}},"5":{"start":{"line":10,"column":8},"end":{"line":10,"column":31}},"6":{"start":{"line":11,"column":8},"end":{"line":11,"column":59}},"7":{"start":{"line":12,"column":8},"end":{"line":12,"column":31}},"8":{"start":{"line":13,"column":8},"end":{"line":13,"column":30}},"9":{"start":{"line":14,"column":8},"end":{"line":14,"column":35}},"10":{"start":{"line":15,"column":8},"end":{"line":15,"column":32}},"11":{"start":{"line":16,"column":8},"end":{"line":16,"column":35}},"12":{"start":{"line":17,"column":8},"end":{"line":17,"column":30}},"13":{"start":{"line":18,"column":8},"end":{"line":18,"column":29}},"14":{"start":{"line":23,"column":8},"end":{"line":41,"column":9}},"15":{"start":{"line":25,"column":12},"end":{"line":30,"column":15}},"16":{"start":{"line":26,"column":16},"end":{"line":29,"column":19}},"17":{"start":{"line":27,"column":20},"end":{"line":27,"column":37}},"18":{"start":{"line":28,"column":20},"end":{"line":28,"column":30}},"19":{"start":{"line":31,"column":12},"end":{"line":31,"column":32}},"20":{"start":{"line":33,"column":29},"end":{"line":35,"column":13}},"21":{"start":{"line":36,"column":12},"end":{"line":36,"column":78}},"22":{"start":{"line":37,"column":12},"end":{"line":37,"column":24}},"23":{"start":{"line":39,"column":12},"end":{"line":39,"column":72}},"24":{"start":{"line":40,"column":12},"end":{"line":40,"column":25}},"25":{"start":{"line":47,"column":24},"end":{"line":52,"column":9}},"26":{"start":{"line":54,"column":30},"end":{"line":54,"column":43}},"27":{"start":{"line":55,"column":26},"end":{"line":55,"column":101}},"28":{"start":{"line":57,"column":8},"end":{"line":64,"column":9}},"29":{"start":{"line":58,"column":35},"end":{"line":58,"column":61}},"30":{"start":{"line":59,"column":33},"end":{"line":59,"column":70}},"31":{"start":{"line":60,"column":12},"end":{"line":60,"column":44}},"32":{"start":{"line":62,"column":12},"end":{"line":62,"column":96}},"33":{"start":{"line":63,"column":12},"end":{"line":63,"column":24}},"34":{"start":{"line":69,"column":8},"end":{"line":69,"column":41}},"35":{"start":{"line":70,"column":8},"end":{"line":72,"column":9}},"36":{"start":{"line":71,"column":12},"end":{"line":71,"column":45}},"37":{"start":{"line":77,"column":20},"end":{"line":77,"column":30}},"38":{"start":{"line":78,"column":24},"end":{"line":78,"column":58}},"39":{"start":{"line":79,"column":8},"end":{"line":79,"column":71}},"40":{"start":{"line":80,"column":8},"end":{"line":80,"column":34}},"41":{"start":{"line":81,"column":8},"end":{"line":81,"column":34}},"42":{"start":{"line":86,"column":33},"end":{"line":86,"column":76}},"43":{"start":{"line":87,"column":27},"end":{"line":87,"column":62}},"44":{"start":{"line":88,"column":8},"end":{"line":88,"column":75}},"45":{"start":{"line":93,"column":24},"end":{"line":93,"column":68}},"46":{"start":{"line":94,"column":22},"end":{"line":94,"column":81}},"47":{"start":{"line":94,"column":58},"end":{"line":94,"column":80}},"48":{"start":{"line":97,"column":31},"end":{"line":97,"column":32}},"49":{"start":{"line":99,"column":8},"end":{"line":113,"column":9}},"50":{"start":{"line":100,"column":12},"end":{"line":100,"column":41}},"51":{"start":{"line":101,"column":15},"end":{"line":113,"column":9}},"52":{"start":{"line":102,"column":12},"end":{"line":102,"column":42}},"53":{"start":{"line":105,"column":33},"end":{"line":105,"column":55}},"54":{"start":{"line":106,"column":12},"end":{"line":112,"column":13}},"55":{"start":{"line":107,"column":16},"end":{"line":107,"column":42}},"56":{"start":{"line":108,"column":16},"end":{"line":108,"column":93}},"57":{"start":{"line":110,"column":16},"end":{"line":110,"column":46}},"58":{"start":{"line":111,"column":16},"end":{"line":111,"column":92}},"59":{"start":{"line":115,"column":22},"end":{"line":115,"column":83}},"60":{"start":{"line":116,"column":8},"end":{"line":116,"column":32}},"61":{"start":{"line":116,"column":20},"end":{"line":116,"column":32}},"62":{"start":{"line":119,"column":28},"end":{"line":119,"column":68}},"63":{"start":{"line":120,"column":8},"end":{"line":120,"column":48}},"64":{"start":{"line":122,"column":8},"end":{"line":128,"column":10}},"65":{"start":{"line":133,"column":8},"end":{"line":133,"column":46}},"66":{"start":{"line":133,"column":33},"end":{"line":133,"column":46}},"67":{"start":{"line":134,"column":30},"end":{"line":134,"column":65}},"68":{"start":{"line":135,"column":26},"end":{"line":135,"column":59}},"69":{"start":{"line":138,"column":8},"end":{"line":153,"column":9}},"70":{"start":{"line":139,"column":32},"end":{"line":139,"column":73}},"71":{"start":{"line":140,"column":26},"end":{"line":140,"column":64}},"72":{"start":{"line":141,"column":12},"end":{"line":141,"column":39}},"73":{"start":{"line":142,"column":12},"end":{"line":142,"column":36}},"74":{"start":{"line":144,"column":12},"end":{"line":152,"column":14}},"75":{"start":{"line":155,"column":8},"end":{"line":157,"column":9}},"76":{"start":{"line":156,"column":12},"end":{"line":156,"column":37}},"77":{"start":{"line":159,"column":8},"end":{"line":162,"column":10}},"78":{"start":{"line":167,"column":8},"end":{"line":171,"column":9}},"79":{"start":{"line":168,"column":12},"end":{"line":168,"column":33}},"80":{"start":{"line":170,"column":12},"end":{"line":170,"column":35}},"81":{"start":{"line":176,"column":8},"end":{"line":176,"column":31}},"82":{"start":{"line":177,"column":8},"end":{"line":177,"column":31}},"83":{"start":{"line":182,"column":8},"end":{"line":182,"column":28}},"84":{"start":{"line":183,"column":23},"end":{"line":183,"column":45}},"85":{"start":{"line":184,"column":8},"end":{"line":184,"column":39}},"86":{"start":{"line":189,"column":8},"end":{"line":189,"column":39}},"87":{"start":{"line":194,"column":8},"end":{"line":198,"column":10}},"88":{"start":{"line":203,"column":8},"end":{"line":203,"column":30}},"89":{"start":{"line":204,"column":8},"end":{"line":204,"column":31}},"90":{"start":{"line":205,"column":8},"end":{"line":205,"column":32}},"91":{"start":{"line":206,"column":8},"end":{"line":206,"column":35}},"92":{"start":{"line":207,"column":8},"end":{"line":207,"column":35}},"93":{"start":{"line":208,"column":8},"end":{"line":208,"column":37}},"94":{"start":{"line":212,"column":21},"end":{"line":212,"column":67}},"95":{"start":{"line":213,"column":23},"end":{"line":213,"column":47}},"96":{"start":{"line":215,"column":8},"end":{"line":215,"column":77}},"97":{"start":{"line":215,"column":40},"end":{"line":215,"column":77}},"98":{"start":{"line":216,"column":8},"end":{"line":216,"column":77}},"99":{"start":{"line":216,"column":40},"end":{"line":216,"column":77}},"100":{"start":{"line":217,"column":8},"end":{"line":217,"column":77}},"101":{"start":{"line":217,"column":40},"end":{"line":217,"column":77}},"102":{"start":{"line":219,"column":31},"end":{"line":219,"column":71}},"103":{"start":{"line":220,"column":22},"end":{"line":220,"column":66}},"104":{"start":{"line":220,"column":39},"end":{"line":220,"column":65}},"105":{"start":{"line":222,"column":8},"end":{"line":224,"column":55}},"106":{"start":{"line":228,"column":0},"end":{"line":228,"column":31}}},"fnMap":{"0":{"name":"(anonymous_0)","decl":{"start":{"line":7,"column":4},"end":{"line":7,"column":5}},"loc":{"start":{"line":7,"column":18},"end":{"line":19,"column":5}},"line":7},"1":{"name":"(anonymous_1)","decl":{"start":{"line":22,"column":4},"end":{"line":22,"column":5}},"loc":{"start":{"line":22,"column":17},"end":{"line":42,"column":5}},"line":22},"2":{"name":"(anonymous_2)","decl":{"start":{"line":25,"column":40},"end":{"line":25,"column":41}},"loc":{"start":{"line":25,"column":61},"end":{"line":30,"column":13}},"line":25},"3":{"name":"(anonymous_3)","decl":{"start":{"line":26,"column":30},"end":{"line":26,"column":31}},"loc":{"start":{"line":26,"column":38},"end":{"line":29,"column":17}},"line":26},"4":{"name":"(anonymous_4)","decl":{"start":{"line":45,"column":4},"end":{"line":45,"column":5}},"loc":{"start":{"line":45,"column":44},"end":{"line":65,"column":5}},"line":45},"5":{"name":"(anonymous_5)","decl":{"start":{"line":68,"column":4},"end":{"line":68,"column":5}},"loc":{"start":{"line":68,"column":23},"end":{"line":73,"column":5}},"line":68},"6":{"name":"(anonymous_6)","decl":{"start":{"line":76,"column":4},"end":{"line":76,"column":5}},"loc":{"start":{"line":76,"column":22},"end":{"line":82,"column":5}},"line":76},"7":{"name":"(anonymous_7)","decl":{"start":{"line":85,"column":4},"end":{"line":85,"column":5}},"loc":{"start":{"line":85,"column":38},"end":{"line":89,"column":5}},"line":85},"8":{"name":"(anonymous_8)","decl":{"start":{"line":92,"column":4},"end":{"line":92,"column":5}},"loc":{"start":{"line":92,"column":26},"end":{"line":129,"column":5}},"line":92},"9":{"name":"(anonymous_9)","decl":{"start":{"line":94,"column":53},"end":{"line":94,"column":54}},"loc":{"start":{"line":94,"column":58},"end":{"line":94,"column":80}},"line":94},"10":{"name":"(anonymous_10)","decl":{"start":{"line":132,"column":4},"end":{"line":132,"column":5}},"loc":{"start":{"line":132,"column":31},"end":{"line":163,"column":5}},"line":132},"11":{"name":"(anonymous_11)","decl":{"start":{"line":166,"column":4},"end":{"line":166,"column":5}},"loc":{"start":{"line":166,"column":26},"end":{"line":172,"column":5}},"line":166},"12":{"name":"(anonymous_12)","decl":{"start":{"line":175,"column":4},"end":{"line":175,"column":5}},"loc":{"start":{"line":175,"column":24},"end":{"line":178,"column":5}},"line":175},"13":{"name":"(anonymous_13)","decl":{"start":{"line":181,"column":4},"end":{"line":181,"column":5}},"loc":{"start":{"line":181,"column":27},"end":{"line":185,"column":5}},"line":181},"14":{"name":"(anonymous_14)","decl":{"start":{"line":188,"column":4},"end":{"line":188,"column":5}},"loc":{"start":{"line":188,"column":17},"end":{"line":190,"column":5}},"line":188},"15":{"name":"(anonymous_15)","decl":{"start":{"line":193,"column":4},"end":{"line":193,"column":5}},"loc":{"start":{"line":193,"column":20},"end":{"line":199,"column":5}},"line":193},"16":{"name":"(anonymous_16)","decl":{"start":{"line":202,"column":4},"end":{"line":202,"column":5}},"loc":{"start":{"line":202,"column":16},"end":{"line":209,"column":5}},"line":202},"17":{"name":"(anonymous_17)","decl":{"start":{"line":211,"column":4},"end":{"line":211,"column":5}},"loc":{"start":{"line":211,"column":24},"end":{"line":225,"column":5}},"line":211},"18":{"name":"(anonymous_18)","decl":{"start":{"line":220,"column":34},"end":{"line":220,"column":35}},"loc":{"start":{"line":220,"column":39},"end":{"line":220,"column":65}},"line":220}},"branchMap":{"0":{"loc":{"start":{"line":70,"column":8},"end":{"line":72,"column":9}},"type":"if","locations":[{"start":{"line":70,"column":8},"end":{"line":72,"column":9}},{"start":{},"end":{}}],"line":70},"1":{"loc":{"start":{"line":99,"column":8},"end":{"line":113,"column":9}},"type":"if","locations":[{"start":{"line":99,"column":8},"end":{"line":113,"column":9}},{"start":{"line":101,"column":15},"end":{"line":113,"column":9}}],"line":99},"2":{"loc":{"start":{"line":101,"column":15},"end":{"line":113,"column":9}},"type":"if","locations":[{"start":{"line":101,"column":15},"end":{"line":113,"column":9}},{"start":{"line":103,"column":15},"end":{"line":113,"column":9}}],"line":101},"3":{"loc":{"start":{"line":106,"column":12},"end":{"line":112,"column":13}},"type":"if","locations":[{"start":{"line":106,"column":12},"end":{"line":112,"column":13}},{"start":{"line":109,"column":19},"end":{"line":112,"column":13}}],"line":106},"4":{"loc":{"start":{"line":116,"column":8},"end":{"line":116,"column":32}},"type":"if","locations":[{"start":{"line":116,"column":8},"end":{"line":116,"column":32}},{"start":{},"end":{}}],"line":116},"5":{"loc":{"start":{"line":133,"column":8},"end":{"line":133,"column":46}},"type":"if","locations":[{"start":{"line":133,"column":8},"end":{"line":133,"column":46}},{"start":{},"end":{}}],"line":133},"6":{"loc":{"start":{"line":138,"column":8},"end":{"line":153,"column":9}},"type":"if","locations":[{"start":{"line":138,"column":8},"end":{"line":153,"column":9}},{"start":{},"end":{}}],"line":138},"7":{"loc":{"start":{"line":138,"column":12},"end":{"line":138,"column":63}},"type":"binary-expr","locations":[{"start":{"line":138,"column":12},"end":{"line":138,"column":21}},{"start":{"line":138,"column":25},"end":{"line":138,"column":63}}],"line":138},"8":{"loc":{"start":{"line":155,"column":8},"end":{"line":157,"column":9}},"type":"if","locations":[{"start":{"line":155,"column":8},"end":{"line":157,"column":9}},{"start":{},"end":{}}],"line":155},"9":{"loc":{"start":{"line":167,"column":8},"end":{"line":171,"column":9}},"type":"if","locations":[{"start":{"line":167,"column":8},"end":{"line":171,"column":9}},{"start":{"line":169,"column":15},"end":{"line":171,"column":9}}],"line":167},"10":{"loc":{"start":{"line":212,"column":21},"end":{"line":212,"column":67}},"type":"cond-expr","locations":[{"start":{"line":212,"column":50},"end":{"line":212,"column":57}},{"start":{"line":212,"column":60},"end":{"line":212,"column":67}}],"line":212},"11":{"loc":{"start":{"line":215,"column":8},"end":{"line":215,"column":77}},"type":"if","locations":[{"start":{"line":215,"column":8},"end":{"line":215,"column":77}},{"start":{},"end":{}}],"line":215},"12":{"loc":{"start":{"line":216,"column":8},"end":{"line":216,"column":77}},"type":"if","locations":[{"start":{"line":216,"column":8},"end":{"line":216,"column":77}},{"start":{},"end":{}}],"line":216},"13":{"loc":{"start":{"line":217,"column":8},"end":{"line":217,"column":77}},"type":"if","locations":[{"start":{"line":217,"column":8},"end":{"line":217,"column":77}},{"start":{},"end":{}}],"line":217},"14":{"loc":{"start":{"line":222,"column":15},"end":{"line":224,"column":54}},"type":"cond-expr","locations":[{"start":{"line":223,"column":14},"end":{"line":223,"column":51}},{"start":{"line":224,"column":14},"end":{"line":224,"column":54}}],"line":222}},"s":{"0":1,"1":1,"2":1,"3":6,"4":6,"5":6,"6":6,"7":6,"8":6,"9":6,"10":6,"11":6,"12":6,"13":6,"14":6,"15":6,"16":6,"17":6,"18":6,"19":6,"20":6,"21":6,"22":6,"23":0,"24":0,"25":2,"26":2,"27":2,"28":2,"29":2,"30":2,"31":2,"32":0,"33":0,"34":1,"35":1,"36":1,"37":1,"38":1,"39":1,"40":1,"41":1,"42":1,"43":1,"44":1,"45":2,"46":2,"47":4,"48":2,"49":2,"50":0,"51":2,"52":1,"53":1,"54":1,"55":1,"56":1,"57":0,"58":0,"59":2,"60":2,"61":0,"62":2,"63":2,"64":2,"65":0,"66":0,"67":0,"68":0,"69":0,"70":0,"71":0,"72":0,"73":0,"74":0,"75":0,"76":0,"77":0,"78":0,"79":0,"80":0,"81":0,"82":0,"83":0,"84":0,"85":0,"86":1,"87":1,"88":0,"89":0,"90":0,"91":0,"92":0,"93":0,"94":4,"95":4,"96":4,"97":2,"98":2,"99":1,"100":1,"101":0,"102":1,"103":1,"104":1,"105":1,"106":1},"f":{"0":6,"1":6,"2":6,"3":6,"4":2,"5":1,"6":1,"7":1,"8":2,"9":4,"10":0,"11":0,"12":0,"13":0,"14":1,"15":1,"16":0,"17":4,"18":1},"b":{"0":[1,0],"1":[0,2],"2":[1,1],"3":[1,0],"4":[0,2],"5":[0,0],"6":[0,0],"7":[0,0],"8":[0,0],"9":[0,0],"10":[3,1],"11":[2,2],"12":[1,1],"13":[0,1],"14":[1,0]},"_coverageSchema":"1a1c01bbd47fc00a2c39e90264f33305004495a9","hash":"b3bb3f67c68b78849413ef8763864fccbf613a22"}
}
