TN:
SF:puzzle-manager.js
FN:7,(anonymous_0)
FN:22,(anonymous_1)
FN:25,(anonymous_2)
FN:26,(anonymous_3)
FN:45,(anonymous_4)
FN:68,(anonymous_5)
FN:76,(anonymous_6)
FN:85,(anonymous_7)
FN:92,(anonymous_8)
FN:94,(anonymous_9)
FN:132,(anonymous_10)
FN:166,(anonymous_11)
FN:175,(anonymous_12)
FN:181,(anonymous_13)
FN:188,(anonymous_14)
FN:193,(anonymous_15)
FN:202,(anonymous_16)
FN:211,(anonymous_17)
FN:220,(anonymous_18)
FNF:19
FNH:14
FNDA:6,(anonymous_0)
FNDA:6,(anonymous_1)
FNDA:6,(anonymous_2)
FNDA:6,(anonymous_3)
FNDA:2,(anonymous_4)
FNDA:1,(anonymous_5)
FNDA:1,(anonymous_6)
FNDA:1,(anonymous_7)
FNDA:2,(anonymous_8)
FNDA:4,(anonymous_9)
FNDA:0,(anonymous_10)
FNDA:0,(anonymous_11)
FNDA:0,(anonymous_12)
FNDA:0,(anonymous_13)
FNDA:1,(anonymous_14)
FNDA:1,(anonymous_15)
FNDA:0,(anonymous_16)
FNDA:4,(anonymous_17)
FNDA:1,(anonymous_18)
DA:2,1
DA:3,1
DA:4,1
DA:8,6
DA:9,6
DA:10,6
DA:11,6
DA:12,6
DA:13,6
DA:14,6
DA:15,6
DA:16,6
DA:17,6
DA:18,6
DA:23,6
DA:25,6
DA:26,6
DA:27,6
DA:28,6
DA:31,6
DA:33,6
DA:36,6
DA:37,6
DA:39,0
DA:40,0
DA:47,2
DA:54,2
DA:55,2
DA:57,2
DA:58,2
DA:59,2
DA:60,2
DA:62,0
DA:63,0
DA:69,1
DA:70,1
DA:71,1
DA:77,1
DA:78,1
DA:79,1
DA:80,1
DA:81,1
DA:86,1
DA:87,1
DA:88,1
DA:93,2
DA:94,4
DA:97,2
DA:99,2
DA:100,0
DA:101,2
DA:102,1
DA:105,1
DA:106,1
DA:107,1
DA:108,1
DA:110,0
DA:111,0
DA:115,2
DA:116,2
DA:119,2
DA:120,2
DA:122,2
DA:133,0
DA:134,0
DA:135,0
DA:138,0
DA:139,0
DA:140,0
DA:141,0
DA:142,0
DA:144,0
DA:155,0
DA:156,0
DA:159,0
DA:167,0
DA:168,0
DA:170,0
DA:176,0
DA:177,0
DA:182,0
DA:183,0
DA:184,0
DA:189,1
DA:194,1
DA:203,0
DA:204,0
DA:205,0
DA:206,0
DA:207,0
DA:208,0
DA:212,4
DA:213,4
DA:215,4
DA:216,2
DA:217,1
DA:219,1
DA:220,1
DA:222,1
DA:228,1
LF:100
LH:67
BRDA:70,0,0,1
BRDA:70,0,1,0
BRDA:99,1,0,0
BRDA:99,1,1,2
BRDA:101,2,0,1
BRDA:101,2,1,1
BRDA:106,3,0,1
BRDA:106,3,1,0
BRDA:116,4,0,0
BRDA:116,4,1,2
BRDA:133,5,0,0
BRDA:133,5,1,0
BRDA:138,6,0,0
BRDA:138,6,1,0
BRDA:138,7,0,0
BRDA:138,7,1,0
BRDA:155,8,0,0
BRDA:155,8,1,0
BRDA:167,9,0,0
BRDA:167,9,1,0
BRDA:212,10,0,3
BRDA:212,10,1,1
BRDA:215,11,0,2
BRDA:215,11,1,2
BRDA:216,12,0,1
BRDA:216,12,1,1
BRDA:217,13,0,0
BRDA:217,13,1,1
BRDA:222,14,0,1
BRDA:222,14,1,0
BRF:30
BRH:14
end_of_record
